<?xml version="1.0" encoding="UTF-8"?>
<testng-results skipped="0" failed="0" ignored="0" total="1" passed="1">
  <reporter-output>
  </reporter-output>
  <suite name="Default suite" duration-ms="40" started-at="2019-12-05T05:10:22Z" finished-at="2019-12-05T05:10:23Z">
    <groups>
    </groups>
    <test name="Default test" duration-ms="40" started-at="2019-12-05T05:10:22Z" finished-at="2019-12-05T05:10:23Z">
      <class name="com.test.testcases.SearchPage">
        <test-method status="PASS" signature="setUp()[pri:0, instance:com.test.testcases.SearchPage@8bd1b6a]" name="setUp" is-config="true" duration-ms="4" started-at="2019-12-05T05:10:23Z" finished-at="2019-12-05T05:10:23Z">
          <reporter-output>
          </reporter-output>
        </test-method> <!-- setUp -->
        <test-method status="PASS" signature="test()[pri:0, instance:com.test.testcases.SearchPage@8bd1b6a]" name="test" duration-ms="12" started-at="2019-12-05T05:10:23Z" finished-at="2019-12-05T05:10:23Z">
          <reporter-output>
          </reporter-output>
        </test-method> <!-- test -->
        <test-method status="PASS" signature="endTest()[pri:0, instance:com.test.testcases.SearchPage@8bd1b6a]" name="endTest" is-config="true" duration-ms="4" started-at="2019-12-05T05:10:23Z" finished-at="2019-12-05T05:10:23Z">
          <reporter-output>
          </reporter-output>
        </test-method> <!-- endTest -->
      </class> <!-- com.test.testcases.SearchPage -->
    </test> <!-- Default test -->
  </suite> <!-- Default suite -->
</testng-results>
